     1                                  bits 32
     2                                  
     3                                  global start
     4                                  
     5                                  extern exit, printf, scanf, fread, fopen, fclose
     6                                  import exit msvcrt.dll
     7                                  import printf msvcrt.dll
     8                                  import scanf msvcrt.dll
     9                                  import gets msvcrt.dll
    10                                  import fread msvcrt.dll
    11                                  import fopen msvcrt.dll
    12                                  import fclose msvcrt.dll
    13                                  
    14                                  
    15                                  segment data use32 class=data
    16 00000000 FF                          file_descriptor db -1
    17 00000001 696E7075742E747874-         file_name db "input.txt", 0
    17 0000000A 00                 
    18 0000000B 7200                        access_mode db "r", 0
    19 0000000D 546865206E756D6265-         format db "The number is: %d. The frequency is: %d", 0
    19 00000016 722069733A2025642E-
    19 0000001F 205468652066726571-
    19 00000028 75656E63792069733A-
    19 00000031 20256400           
    20 00000035 00<rept>                    input_text times 100 db 0
    21                                      len equ 100
    22 00000099 00000000                    counter dd 0
    23 0000009D 00<rept>                    frecv times 10 db 0
    24 000000A7 00000000                    max_frecv dd 0
    25 000000AB 00000000                    max_nr dd 0
    26                                      
    27                                  segment code use32 class=code
    28                                      start:
    29                                          ;fopen(file_name, access_mode)
    30 00000000 68[0B000000]                    push access_mode
    31 00000005 68[01000000]                    push file_name
    32 0000000A FF15[00000000]                  call [fopen]
    33 00000010 83C408                          add ESP, 4*2
    34                                          
    35 00000013 83F800                          cmp EAX, 0
    36 00000016 0F8496000000                    je final
    37 0000001C A3[00000000]                    mov [file_descriptor], EAX
    38                                          
    39                                          repeat_reading:
    40                                              ;fread(input_text, 1, len, file_descriptor)
    41 00000021 FF35[00000000]                      push dword [file_descriptor]
    42 00000027 6A64                                push dword len
    43 00000029 6A01                                push dword 1
    44 0000002B 68[35000000]                        push input_text
    45 00000030 FF15[00000000]                      call [fread]
    46                                              
    47 00000036 83F800                              cmp EAX, 0
    48 00000039 7428                                je end_of_reading
    49                                              
    50 0000003B BB00000000                          mov EBX, 0
    51 00000040 BE[35000000]                        mov ESI, input_text
    52 00000045 BF[9D000000]                        mov EDI, frecv
    53 0000004A 89C1                                mov ECX, EAX
    54                                              for_every_character:
    55                                                  find_the_frequency:
    56 0000004C B800000000                                  mov EAX, 0
    57 00000051 AC                                          lodsb
    58 00000052 3C30                                        cmp AL, '0'
    59 00000054 7209                                        jb not_digit
    60 00000056 3C39                                        cmp AL, '9'
    61 00000058 7F05                                        jg not_digit
    62                                                      
    63 0000005A 2C30                                        sub AL, '0'
    64 0000005C FE0407                                      inc byte[EDI + EAX] 
    65                                                  
    66                                                  not_digit:
    67 0000005F E2EB                                    loop for_every_character
    68 00000061 EBBE                            jmp repeat_reading
    69                                              
    70                                         
    71                                      end_of_reading:    
    72                                          
    73                                      ;fclose
    74 00000063 FF35[00000000]              push dword [file_descriptor]
    75 00000069 FF15[00000000]              call [fclose]
    76                                      
    77                                      
    78 0000006F BE[9D000000]                mov ESI, frecv
    79 00000074 BB00000000                  mov EBX, 0
    80 00000079 B900000000                  mov ECX, 0
    81                                      find_maximum_frequency:
    82 0000007E AC                              lodsb
    83 0000007F 3A05[A7000000]                  cmp AL, [max_frecv]
    84 00000085 720B                            jb not_found_larger
    85 00000087 A2[A7000000]                    mov [max_frecv], AL
    86 0000008C 890D[AB000000]                  mov [max_nr], ECX
    87                                          
    88                                      not_found_larger:
    89 00000092 41                              inc ECX
    90 00000093 83F90A                          cmp ECX, 10
    91 00000096 75E6                            jne find_maximum_frequency
    92                                      
    93 00000098 FF35[A7000000]              push dword [max_frecv]
    94 0000009E FF35[AB000000]              push dword[max_nr]
    95 000000A4 68[0D000000]                push dword format
    96 000000A9 FF15[00000000]              call [printf]
    97 000000AF 83C408                      add ESP, 4*2
    98                                      
    99                                      final:
   100 000000B2 6A00                        push dword 0
   101 000000B4 FF15[00000000]              call [exit]
