     1                                  bits 32
     2                                  
     3                                  global  start 
     4                                  
     5                                  extern  exit
     6                                  import  exit msvcrt.dll
     7                                  
     8                                  ;calculate the expression: (c-a-d)+(c-b)-a
     9                                  ; for a=15,b=10,c=100,d=30 the result should be 130
    10                                  
    11                                  segment  data use32 class=data 
    12 00000000 0F                          a DB 15
    13 00000001 0A                          b DB 10
    14 00000002 64                          c DB 100
    15 00000003 1E                          d DB 30
    16                                  
    17                                  segment  code use32 class=code
    18                                  start:
    19 00000000 66A1[00000000]              mov AX, [a] ; AX = 15
    20 00000006 668B0D[02000000]            mov CX, [c] ; CX = 100
    21 0000000D 668B15[03000000]            mov DX, [d] ; DX = 30
    22                                      
    23 00000014 6629C1                      sub CX,AX ; CX = CX - AX --> CX = 100 - 15 --> CX = 85 
    24 00000017 6629D1                      sub CX,DX ; CX = CX - DX --> CX=85 - 30 --> CX = 55
    25                                      
    26 0000001A 66A1[02000000]              mov AX, [c] ; AX = 100
    27 00000020 668B1D[01000000]            mov BX, [b] ; BX = 10
    28                                      
    29 00000027 6629D8                      sub AX, BX ; AX = AX - BX --> AX = 100 - 10 --> AX = 90
    30                                      
    31 0000002A 6601C1                      add CX, AX ; CX = CX + AX --> CX = 55 + 90 --> CX = 145
    32                                      
    33 0000002D 66A1[00000000]              mov AX, [a] ; AX = 15
    34                                      
    35 00000033 6629C1                      sub CX, AX ; CX = CX - AX --> CX = 145 - 15 --> CX = 130
    36                                      
    37 00000036 6A00                        push   dword 0
    38 00000038 FF15[00000000]              call   [exit] 
    39                                      
