     1                                  bits 32
     2                                  
     3                                  global start
     4                                  
     5                                  extern exit, printf, scanf, fread, fopen, fclose, fprintf, gets
     6                                  import exit msvcrt.dll
     7                                  import printf msvcrt.dll
     8                                  import scanf msvcrt.dll
     9                                  import gets msvcrt.dll
    10                                  import fread msvcrt.dll
    11                                  import fopen msvcrt.dll
    12                                  import fclose msvcrt.dll
    13                                  import fprintf msvcrt.dll
    14                                  import gets msvcrt
    15                                  
    16                                  
    17                                  segment data use32 class=data
    18 00000000 FF                          file_descriptor db -1
    19 00000001 00<rept>                    file_name times 30 db 0
    20 0000001F 547970652074686520-         print_format db "Type the file name", 10, 13, 0
    20 00000028 66696C65206E616D65-
    20 00000031 0A0D00             
    21 00000034 257300                      file_format db "%s", 0
    22 00000037 257300                      str_format db "%s", 0
    23 0000003A 547970652074686520-         print_message_format db "Type the message: ", 0
    23 00000043 6D6573736167653A20-
    23 0000004C 00                 
    24 0000004D 612B00                      access_mode db "a+", 0
    25 00000050 00                          empty db 0
    26 00000051 00<rept>                    message times 120 db 0
    27                                  
    28                                  
    29                                      
    30                                  segment code use32 class=code
    31                                      start:
    32                                      
    33                                          ;printf(print_format)
    34 00000000 68[1F000000]                    push dword print_format
    35 00000005 FF15[00000000]                  call [printf]
    36 0000000B 83C404                          add ESP, 4*1
    37                                          
    38                                          ;gets(file_name)
    39 0000000E 68[01000000]                    push dword file_name
    40 00000013 FF15[00000000]                  call [gets]
    41 00000019 83C404                          add ESP, 4*1
    42                                          
    43                                          ;fopen(file_name, access_mode)
    44 0000001C 68[4D000000]                    push access_mode
    45 00000021 68[01000000]                    push file_name
    46 00000026 FF15[00000000]                  call [fopen]
    47 0000002C 83C408                          add ESP, 4*2
    48                                          
    49 0000002F 83F800                          cmp EAX, 0
    50 00000032 7441                            je final
    51                                          
    52 00000034 A3[00000000]                    mov [file_descriptor], EAX
    53                                          
    54                                          ;printf(print_message_format)
    55 00000039 68[3A000000]                    push dword print_message_format
    56 0000003E FF15[00000000]                  call [printf]
    57 00000044 83C408                          add ESP, 4*2
    58                                          
    59                                          ;gets(message)
    60 00000047 68[51000000]                    push dword message
    61 0000004C FF15[00000000]                  call [gets]
    62 00000052 83C404                          add ESP, 4*1
    63                                          
    64                                          ;fprintf(file_descriptor, message)
    65 00000055 68[51000000]                    push dword message
    66 0000005A FF35[00000000]                  push dword [file_descriptor]
    67 00000060 FF15[00000000]                  call [fprintf]
    68 00000066 83C408                          add ESP, 4*2
    69                                          
    70                                          ;fclose(file_descriptor)
    71 00000069 FF35[00000000]                  push dword [file_descriptor]
    72 0000006F FF15[00000000]                  call [fclose]
    73                                          
    74                                          final:
    75 00000075 6A00                            push dword 0
    76 00000077 FF15[00000000]                  call [exit]
