     1                                  bits 32 
     2                                  
     3                                  global start        
     4                                  
     5                                  extern exit, fopen, fread, printf, fclose
     6                                  import exit msvcrt.dll   
     7                                  import fopen msvcrt.dll
     8                                  import fread msvcrt.dll
     9                                  import printf msvcrt.dll
    10                                  import fclose msvcrt.dll
    11                                  
    12                                  ;A text file is given. Read the content of the file, count the number of special characters and display the result on the screen. 
    13                                  ;The name of text file is defined in the data segment.
    14                                  
    15                                  segment data use32 class=data
    16 00000000 546865206E756D6265-         output_format db "The number of special characters is: %u", 0
    16 00000009 72206F662073706563-
    16 00000012 69616C206368617261-
    16 0000001B 63746572732069733A-
    16 00000024 20257500           
    17 00000028 696E7075742E747874-         input_file_name db "input.txt", 0
    17 00000031 00                 
    18 00000032 7200                        acces_mode db "r", 0
    19 00000034 <res 00000004>              file_descriptor resd 1
    20 00000038 00000000                    special_character_counter dd 0
    21                                      
    22                                      max_length equ 100
    23 0000003C <res 00000004>              actual_length resd 1
    24 00000040 <res 00000064>              input_text resb max_length
    25                                     
    26                                  segment code use32 class=code
    27                                      start:
    28                                          
    29                                      ;fopen(input_file_name, acces_mode)
    30 00000000 68[32000000]                    push acces_mode
    31 00000005 68[28000000]                    push input_file_name
    32 0000000A FF15[00000000]                  call [fopen]
    33 00000010 83C408                          add esp, 4 * 2
    34 00000013 A3[34000000]                    mov dword[file_descriptor], eax
    35 00000018 83F800                          cmp eax, 0
    36 0000001B 7477                            je end_program
    37                                          
    38                                      ;fread(input_text, 1, max_length, file_descriptor)
    39 0000001D FF35[34000000]                  push dword[file_descriptor]
    40 00000023 6A64                            push max_length
    41 00000025 6A01                            push 1
    42 00000027 68[40000000]                    push input_text
    43 0000002C FF15[00000000]                  call [fread]
    44 00000032 83C410                          add esp, 4 * 4
    45 00000035 A3[3C000000]                    mov dword[actual_length], eax
    46                                      
    47                                      ;we must count how many special characters we have in the string input_text
    48                                      ;special characters have codes 33-47, 58-64, 91-96, 123-126
    49 0000003A 8B0D[3C000000]                  mov ecx, dword[actual_length]
    50 00000040 BE[40000000]                    mov esi, input_text
    51 00000045 FC                              cld
    52                                          for_every_character_in_the_input:
    53 00000046 AC                                  lodsb
    54                                              ;we must check if the byte stored in al is a special character
    55 00000047 3C21                                cmp al, 33
    56 00000049 7224                                jb not_a_special_character
    57 0000004B 3C2F                                cmp al, 47
    58 0000004D 761A                                jbe is_special_character
    59 0000004F 3C3A                                cmp al, 58
    60 00000051 721C                                jb not_a_special_character
    61 00000053 3C40                                cmp al, 64
    62 00000055 7612                                jbe is_special_character
    63 00000057 3C5B                                cmp al, 91
    64 00000059 7214                                jb not_a_special_character
    65 0000005B 3C60                                cmp al, 96
    66 0000005D 760A                                jbe is_special_character
    67 0000005F 3C7B                                cmp al, 123
    68 00000061 720C                                jb not_a_special_character
    69 00000063 3C7E                                cmp al, 126
    70 00000065 7602                                jbe is_special_character
    71 00000067 EB06                                jmp not_a_special_character
    72                                              
    73                                              
    74                                              is_special_character:
    75 00000069 FF05[38000000]                          inc dword[special_character_counter]
    76                                                  
    77                                              not_a_special_character:
    78 0000006F E2D5                            loop for_every_character_in_the_input
    79                                      
    80                                      ;printf("The number of special characters is: %u", special_character_counter)
    81 00000071 FF35[38000000]                  push dword[special_character_counter]
    82 00000077 68[00000000]                    push output_format
    83 0000007C FF15[00000000]                  call [printf]
    84 00000082 83C408                          add esp, 4 * 2
    85                                      
    86                                      ;fclose(file_descriptor)
    87 00000085 FF35[34000000]                  push dword [file_descriptor]
    88 0000008B FF15[00000000]                  call [fclose]
    89 00000091 83C404                          add esp, 4 * 1
    90                                          
    91                                      end_program:
    92 00000094 6A00                        push    dword 0
    93 00000096 FF15[00000000]              call    [exit]
