     1                                  bits 32 ; assembling for the 32 bits architecture
     2                                  
     3                                  global start
     4                                  
     5                                  extern exit, fopen, fread, fclose, scanf, fprintf, fscanf            
     6                                  import exit msvcrt.dll    
     7                                                            
     8                                  import fread msvcrt.dll
     9                                  import fclose msvcrt.dll
    10                                  import scanf msvcrt.dll
    11                                  import fprintf msvcrt.dll
    12                                  import fopen msvcrt.dll
    13                                  import fscanf msvcrt.dll
    14                                  
    15                                  ;Se citeste un text din fisier si un character de la tastatura.
    16                                  ;e)      Calculati numarul de cuvinte din fisier.
    17                                  
    18                                  segment data use32 class=data
    19                                      
    20 00000000 00000000                    actual_length dd 0
    21 00000004 696E7075742E747874-         file_name db "input.txt", 0
    21 0000000D 00                 
    22 0000000E 7200                        access_mode db "r", 0    
    23 00000010 FFFFFFFF                    file_descriptor dd -1
    24                                      len equ 100
    25 00000014 00<rept>                    text times len db 0
    26                                      
    27                                  segment code use32 class=code    
    28                                      start:
    29                                  
    30                                          ;fopen(file_name, access_mode)
    31 00000000 68[0E000000]                    push dword access_mode
    32 00000005 68[04000000]                    push dword file_name
    33 0000000A FF15[00000000]                  call [fopen]
    34 00000010 83C408                          add ESP, 4*2
    35                                          
    36 00000013 83F800                          cmp EAX, 0
    37 00000016 7439                            je cleanup
    38                                          
    39 00000018 A3[10000000]                    mov [file_descriptor], EAX
    40                                          
    41                                          ;We read the text from the file, until the number of read characters is 0
    42                                          read:
    43                                              ; EAX = fscanf(text, 1, len, file_descriptor)
    44 0000001D FF35[10000000]                      push dword [file_descriptor]
    45 00000023 6A64                                push dword len
    46 00000025 6A01                                push dword 1
    47 00000027 68[14000000]                        push dword text
    48 0000002C FF15[00000000]                      call [fread]
    49 00000032 83C410                              add ESP, 4*4
    50                                              
    51 00000035 0105[00000000]                      add dword[actual_length], EAX
    52                                              
    53 0000003B 83F800                              cmp EAX, 0
    54 0000003E 7402                                je end_read
    55                                              
    56 00000040 EBDB                                jmp read
    57                                              
    58                                          end_read:    
    59                                          ;fclose(file_descriptor)
    60 00000042 FF35[10000000]                  push dword [file_descriptor]
    61 00000048 FF15[00000000]                  call [fclose]
    62 0000004E 83C404                          add ESP, 4*1
    63                                          
    64                                          
    65                                          cleanup:
    66 00000051 6A00                            push    dword 0
    67 00000053 FF15[00000000]                  call    [exit]
    68                                          
